


ARM Macro Assembler    Page 1 


    1 00000000         ;*******************************************************
                       ***********************
    2 00000000         ;* File Name          : startup_stm32g071xx.s
    3 00000000         ;* Author             : MCD Application Team
    4 00000000         ;* Description        : STM32G071xx devices vector table
                        for MDK-ARM toolchain.
    5 00000000         ;*                      This module performs:
    6 00000000         ;*                      - Set the initial SP
    7 00000000         ;*                      - Set the initial PC == Reset_Ha
                       ndler
    8 00000000         ;*                      - Set the vector table entries w
                       ith the exceptions ISR address
    9 00000000         ;*                      - Branches to __main in the C li
                       brary (which eventually
   10 00000000         ;*                        calls main()).
   11 00000000         ;*                      After Reset the CortexM0 process
                       or is in Thread mode,
   12 00000000         ;*                      priority is Privileged, and the 
                       Stack is set to Main.
   13 00000000         ;* <<< Use Configuration Wizard in Context Menu >>>
   14 00000000         ;*******************************************************
                       *********************** 
   15 00000000         ;* @attention
   16 00000000         ;*
   17 00000000         ;* Copyright (c) 2018 STMicroelectronics. All rights res
                       erved.
   18 00000000         ;*
   19 00000000         ;* This software component is licensed by ST under Apach
                       e License, Version 2.0,
   20 00000000         ;* the "License"; You may not use this file except in co
                       mpliance with the
   21 00000000         ;* License. You may obtain a copy of the License at:
   22 00000000         ;*                        opensource.org/licenses/Apache
                       -2.0
   23 00000000         ;*
   24 00000000         ;*******************************************************
                       ***********************
   25 00000000         
   26 00000000         ; Amount of memory (in bytes) allocated for Stack
   27 00000000         ; Tailor this value to your application needs
   28 00000000         ; <h> Stack Configuration
   29 00000000         ;   <o> Stack Size (in Bytes) <0x0-0xFFFFFFFF:8>
   30 00000000         ; </h>
   31 00000000         
   32 00000000 00000400 
                       Stack_Size
                               EQU              0x400
   33 00000000         
   34 00000000                 AREA             STACK, NOINIT, READWRITE, ALIGN
=3
   35 00000000         Stack_Mem
                               SPACE            Stack_Size
   36 00000400         __initial_sp
   37 00000400         
   38 00000400         
   39 00000400         ; <h> Heap Configuration
   40 00000400         ;   <o>  Heap Size (in Bytes) <0x0-0xFFFFFFFF:8>
   41 00000400         ; </h>
   42 00000400         



ARM Macro Assembler    Page 2 


   43 00000400 00000200 
                       Heap_Size
                               EQU              0x200
   44 00000400         
   45 00000400                 AREA             HEAP, NOINIT, READWRITE, ALIGN=
3
   46 00000000         __heap_base
   47 00000000         Heap_Mem
                               SPACE            Heap_Size
   48 00000200         __heap_limit
   49 00000200         
   50 00000200                 PRESERVE8
   51 00000200                 THUMB
   52 00000200         
   53 00000200         
   54 00000200         ; Vector Table Mapped to Address 0 at Reset
   55 00000200                 AREA             RESET, DATA, READONLY
   56 00000000                 EXPORT           __Vectors
   57 00000000                 EXPORT           __Vectors_End
   58 00000000                 EXPORT           __Vectors_Size
   59 00000000         
   60 00000000 00000000 
                       __Vectors
                               DCD              __initial_sp ; Top of Stack
   61 00000004 00000000        DCD              Reset_Handler ; Reset Handler
   62 00000008 00000000        DCD              NMI_Handler ; NMI Handler
   63 0000000C 00000000        DCD              HardFault_Handler ; Hard Fault 
                                                            Handler
   64 00000010 00000000        DCD              0           ; Reserved
   65 00000014 00000000        DCD              0           ; Reserved
   66 00000018 00000000        DCD              0           ; Reserved
   67 0000001C 00000000        DCD              0           ; Reserved
   68 00000020 00000000        DCD              0           ; Reserved
   69 00000024 00000000        DCD              0           ; Reserved
   70 00000028 00000000        DCD              0           ; Reserved
   71 0000002C 00000000        DCD              SVC_Handler ; SVCall Handler
   72 00000030 00000000        DCD              0           ; Reserved
   73 00000034 00000000        DCD              0           ; Reserved
   74 00000038 00000000        DCD              PendSV_Handler ; PendSV Handler
                                                            
   75 0000003C 00000000        DCD              SysTick_Handler 
                                                            ; SysTick Handler
   76 00000040         
   77 00000040         ; External Interrupts
   78 00000040 00000000        DCD              WWDG_IRQHandler 
                                                            ; Window Watchdog
   79 00000044 00000000        DCD              PVD_IRQHandler ; PVD through EX
                                                            TI Line detect
   80 00000048 00000000        DCD              RTC_TAMP_IRQHandler ; RTC throu
                                                            gh EXTI Line
   81 0000004C 00000000        DCD              FLASH_IRQHandler ; FLASH
   82 00000050 00000000        DCD              RCC_IRQHandler ; RCC
   83 00000054 00000000        DCD              EXTI0_1_IRQHandler 
                                                            ; EXTI Line 0 and 1
                                                            
   84 00000058 00000000        DCD              EXTI2_3_IRQHandler 
                                                            ; EXTI Line 2 and 3
                                                            
   85 0000005C 00000000        DCD              EXTI4_15_IRQHandler 



ARM Macro Assembler    Page 3 


                                                            ; EXTI Line 4 to 15
                                                            
   86 00000060 00000000        DCD              UCPD1_2_IRQHandler 
                                                            ; UCPD1, UCPD2
   87 00000064 00000000        DCD              DMA1_Channel1_IRQHandler 
                                                            ; DMA1 Channel 1
   88 00000068 00000000        DCD              DMA1_Channel2_3_IRQHandler ; DM
                                                            A1 Channel 2 and Ch
                                                            annel 3
   89 0000006C 00000000        DCD              DMA1_Ch4_7_DMAMUX1_OVR_IRQHandl
er 
                                                            ; DMA1 Channel 4 to
                                                             Channel 7, DMAMUX1
                                                             overrun
   90 00000070 00000000        DCD              ADC1_COMP_IRQHandler ; ADC1, CO
                                                            MP1 and COMP2 
   91 00000074 00000000        DCD              TIM1_BRK_UP_TRG_COM_IRQHandler 
                                                            ; TIM1 Break, Updat
                                                            e, Trigger and Comm
                                                            utation
   92 00000078 00000000        DCD              TIM1_CC_IRQHandler ; TIM1 Captu
                                                            re Compare
   93 0000007C 00000000        DCD              TIM2_IRQHandler ; TIM2
   94 00000080 00000000        DCD              TIM3_IRQHandler ; TIM3
   95 00000084 00000000        DCD              TIM6_DAC_LPTIM1_IRQHandler ; TI
                                                            M6, DAC & LPTIM1
   96 00000088 00000000        DCD              TIM7_LPTIM2_IRQHandler 
                                                            ; TIM7 & LPTIM2
   97 0000008C 00000000        DCD              TIM14_IRQHandler ; TIM14
   98 00000090 00000000        DCD              TIM15_IRQHandler ; TIM15
   99 00000094 00000000        DCD              TIM16_IRQHandler ; TIM16
  100 00000098 00000000        DCD              TIM17_IRQHandler ; TIM17
  101 0000009C 00000000        DCD              I2C1_IRQHandler ; I2C1
  102 000000A0 00000000        DCD              I2C2_IRQHandler ; I2C2
  103 000000A4 00000000        DCD              SPI1_IRQHandler ; SPI1
  104 000000A8 00000000        DCD              SPI2_IRQHandler ; SPI2
  105 000000AC 00000000        DCD              USART1_IRQHandler ; USART1
  106 000000B0 00000000        DCD              USART2_IRQHandler ; USART2
  107 000000B4 00000000        DCD              USART3_4_LPUART1_IRQHandler ; U
                                                            SART3, USART4, LPUA
                                                            RT1
  108 000000B8 00000000        DCD              CEC_IRQHandler ; CEC
  109 000000BC         
  110 000000BC         __Vectors_End
  111 000000BC         
  112 000000BC 000000BC 
                       __Vectors_Size
                               EQU              __Vectors_End - __Vectors
  113 000000BC         
  114 000000BC                 AREA             |.text|, CODE, READONLY
  115 00000000         
  116 00000000         ; Reset handler routine
  117 00000000         Reset_Handler
                               PROC
  118 00000000                 EXPORT           Reset_Handler                 [
WEAK]
  119 00000000                 IMPORT           __main
  120 00000000                 IMPORT           SystemInit
  121 00000000 4814            LDR              R0, =SystemInit



ARM Macro Assembler    Page 4 


  122 00000002 4780            BLX              R0
  123 00000004 4814            LDR              R0, =__main
  124 00000006         ;                 BX      R0
  125 00000006         
  126 00000006         
  127 00000006 2020            MOVS             R0, #0x20
  128 00000008 2118            MOVS             R1, #24
  129 0000000A 4088            LSLS             R0, R1
  130 0000000C         
  131 0000000C 2185            MOVS             R1, #0x85
  132 0000000E 226F            MOVS             R2, #0x6F
  133 00000010 23C2            MOVS             R3, #0xC2
  134 00000012 241E            MOVS             R4, #0x1E
  135 00000014 2534            MOVS             R5, #0x34
  136 00000016 2614            MOVS             R6, #0x14
  137 00000018 278E            MOVS             R7, #0x8E
  138 0000001A         
  139 0000001A C0FE            STM              R0!, {R1,R2-R7}
  140 0000001C         
  141 0000001C 2020            MOVS             R0, #0x20   ;R0 back
  142 0000001E 2118            MOVS             R1, #24
  143 00000020 4088            LSLS             R0, R1
  144 00000022         
  145 00000022 2300            MOVS             R3, #0x00   ;register initial
  146 00000024 2404            MOVS             R4, #0x04
  147 00000026         LEBEL
  148 00000026 58C1            LDR              R1, [R0,R3]
  149 00000028 5902            LDR              R2, [R0,R4]
  150 0000002A         
  151 0000002A 4291            CMP              R1, R2
  152 0000002C D901            BLS              LEBEL1
  153 0000002E         
  154 0000002E 5101            STR              R1, [R0,R4] ;memory exchange
  155 00000030 50C2            STR              R2, [R0,R3]
  156 00000032         
  157 00000032         LEBEL1
  158 00000032 2C18            CMP              R4, #0x18
  159 00000034 D001            BEQ              LEBEL2
  160 00000036         
  161 00000036 3404            ADDS             R4, #0x04
  162 00000038 E7F5            B                LEBEL
  163 0000003A         
  164 0000003A         LEBEL2
  165 0000003A 2B14            CMP              R3, #0x14
  166 0000003C D003            BEQ              LEBEL3
  167 0000003E         
  168 0000003E 3304            ADDS             R3, #0x04
  169 00000040 001C            MOVS             R4, R3
  170 00000042 3404            ADDS             R4, #0x04
  171 00000044 E7EF            B                LEBEL
  172 00000046         
  173 00000046         LEBEL3
  174 00000046 C8FE            LDM              R0!, {R1, R2-R7}
  175 00000048         
  176 00000048                 ENDP
  177 00000048         
  178 00000048         ; Dummy Exception Handlers (infinite loops which can be 
                       modified)
  179 00000048         



ARM Macro Assembler    Page 5 


  180 00000048         NMI_Handler
                               PROC
  181 00000048                 EXPORT           NMI_Handler                    
[WEAK]
  182 00000048 E7FE            B                .
  183 0000004A                 ENDP
  185 0000004A         HardFault_Handler
                               PROC
  186 0000004A                 EXPORT           HardFault_Handler              
[WEAK]
  187 0000004A E7FE            B                .
  188 0000004C                 ENDP
  189 0000004C         SVC_Handler
                               PROC
  190 0000004C                 EXPORT           SVC_Handler                    
[WEAK]
  191 0000004C E7FE            B                .
  192 0000004E                 ENDP
  193 0000004E         PendSV_Handler
                               PROC
  194 0000004E                 EXPORT           PendSV_Handler                 
[WEAK]
  195 0000004E E7FE            B                .
  196 00000050                 ENDP
  197 00000050         SysTick_Handler
                               PROC
  198 00000050                 EXPORT           SysTick_Handler                
[WEAK]
  199 00000050 E7FE            B                .
  200 00000052                 ENDP
  201 00000052         
  202 00000052         Default_Handler
                               PROC
  203 00000052         
  204 00000052                 EXPORT           WWDG_IRQHandler                
[WEAK]
  205 00000052                 EXPORT           PVD_IRQHandler                 
[WEAK]
  206 00000052                 EXPORT           RTC_TAMP_IRQHandler            
[WEAK]
  207 00000052                 EXPORT           FLASH_IRQHandler               
[WEAK]
  208 00000052                 EXPORT           RCC_IRQHandler                 
[WEAK]
  209 00000052                 EXPORT           EXTI0_1_IRQHandler             
[WEAK]
  210 00000052                 EXPORT           EXTI2_3_IRQHandler             
[WEAK]
  211 00000052                 EXPORT           EXTI4_15_IRQHandler            
[WEAK]
  212 00000052                 EXPORT           UCPD1_2_IRQHandler             
[WEAK]
  213 00000052                 EXPORT           DMA1_Channel1_IRQHandler       
[WEAK]
  214 00000052                 EXPORT           DMA1_Channel2_3_IRQHandler     
[WEAK]
  215 00000052                 EXPORT           DMA1_Ch4_7_DMAMUX1_OVR_IRQHandl
er [WEAK]
  216 00000052                 EXPORT           ADC1_COMP_IRQHandler           



ARM Macro Assembler    Page 6 


[WEAK]
  217 00000052                 EXPORT           TIM1_BRK_UP_TRG_COM_IRQHandler 
[WEAK]
  218 00000052                 EXPORT           TIM1_CC_IRQHandler             
[WEAK]
  219 00000052                 EXPORT           TIM2_IRQHandler                
[WEAK]
  220 00000052                 EXPORT           TIM3_IRQHandler                
[WEAK]
  221 00000052                 EXPORT           TIM6_DAC_LPTIM1_IRQHandler     
[WEAK]
  222 00000052                 EXPORT           TIM7_LPTIM2_IRQHandler         
[WEAK]
  223 00000052                 EXPORT           TIM14_IRQHandler               
[WEAK]
  224 00000052                 EXPORT           TIM15_IRQHandler               
[WEAK]
  225 00000052                 EXPORT           TIM16_IRQHandler               
[WEAK]
  226 00000052                 EXPORT           TIM17_IRQHandler               
[WEAK]
  227 00000052                 EXPORT           I2C1_IRQHandler                
[WEAK]
  228 00000052                 EXPORT           I2C2_IRQHandler                
[WEAK]
  229 00000052                 EXPORT           SPI1_IRQHandler                
[WEAK]
  230 00000052                 EXPORT           SPI2_IRQHandler                
[WEAK]
  231 00000052                 EXPORT           USART1_IRQHandler              
[WEAK]
  232 00000052                 EXPORT           USART2_IRQHandler              
[WEAK]
  233 00000052                 EXPORT           USART3_4_LPUART1_IRQHandler    
[WEAK]
  234 00000052                 EXPORT           CEC_IRQHandler                 
[WEAK]
  235 00000052         
  236 00000052         
  237 00000052         WWDG_IRQHandler
  238 00000052         PVD_IRQHandler
  239 00000052         RTC_TAMP_IRQHandler
  240 00000052         FLASH_IRQHandler
  241 00000052         RCC_IRQHandler
  242 00000052         EXTI0_1_IRQHandler
  243 00000052         EXTI2_3_IRQHandler
  244 00000052         EXTI4_15_IRQHandler
  245 00000052         UCPD1_2_IRQHandler
  246 00000052         DMA1_Channel1_IRQHandler
  247 00000052         DMA1_Channel2_3_IRQHandler
  248 00000052         DMA1_Ch4_7_DMAMUX1_OVR_IRQHandler
  249 00000052         ADC1_COMP_IRQHandler
  250 00000052         TIM1_BRK_UP_TRG_COM_IRQHandler
  251 00000052         TIM1_CC_IRQHandler
  252 00000052         TIM2_IRQHandler
  253 00000052         TIM3_IRQHandler
  254 00000052         TIM6_DAC_LPTIM1_IRQHandler
  255 00000052         TIM7_LPTIM2_IRQHandler
  256 00000052         TIM14_IRQHandler



ARM Macro Assembler    Page 7 


  257 00000052         TIM15_IRQHandler
  258 00000052         TIM16_IRQHandler
  259 00000052         TIM17_IRQHandler
  260 00000052         I2C1_IRQHandler
  261 00000052         I2C2_IRQHandler
  262 00000052         SPI1_IRQHandler
  263 00000052         SPI2_IRQHandler
  264 00000052         USART1_IRQHandler
  265 00000052         USART2_IRQHandler
  266 00000052         USART3_4_LPUART1_IRQHandler
  267 00000052         CEC_IRQHandler
  268 00000052         
  269 00000052 E7FE            B                .
  270 00000054         
  271 00000054                 ENDP
  272 00000054         
  273 00000054                 ALIGN
  274 00000054         
  275 00000054         ;*******************************************************
                       ************************
  276 00000054         ; User Stack and Heap initialization
  277 00000054         ;*******************************************************
                       ************************
  278 00000054                 IF               :DEF:__MICROLIB
  279 00000054         
  280 00000054                 EXPORT           __initial_sp
  281 00000054                 EXPORT           __heap_base
  282 00000054                 EXPORT           __heap_limit
  283 00000054         
  284 00000054                 ELSE
  299                          ENDIF
  300 00000054         
  301 00000054                 END
              00000000 
              00000000 
Command Line: --debug --xref --diag_suppress=9931 --cpu=Cortex-M0+ --apcs=inter
work --depend=rank\startup_stm32g071xx.d -orank\startup_stm32g071xx.o -I.\RTE\_
RANK -ID:\Keil_MDK\ARM\CMSIS\5.7.0\CMSIS\Core\Include -ID:\Keil_MDK\Keil\STM32G
0xx_DFP\1.3.0\Drivers\CMSIS\Device\ST\STM32G0xx\Include --predefine="__EVAL SET
A 1" --predefine="__MICROLIB SETA 1" --predefine="__UVISION_VERSION SETA 533" -
-predefine="_RTE_ SETA 1" --predefine="STM32G071xx SETA 1" --predefine="_RTE_ S
ETA 1" --list=startup_stm32g071xx.lst startup_stm32g071xx.s



ARM Macro Assembler    Page 1 Alphabetic symbol ordering
Relocatable symbols

STACK 00000000

Symbol: STACK
   Definitions
      At line 34 in file startup_stm32g071xx.s
   Uses
      None
Comment: STACK unused
Stack_Mem 00000000

Symbol: Stack_Mem
   Definitions
      At line 35 in file startup_stm32g071xx.s
   Uses
      None
Comment: Stack_Mem unused
__initial_sp 00000400

Symbol: __initial_sp
   Definitions
      At line 36 in file startup_stm32g071xx.s
   Uses
      At line 60 in file startup_stm32g071xx.s
      At line 280 in file startup_stm32g071xx.s

3 symbols



ARM Macro Assembler    Page 1 Alphabetic symbol ordering
Relocatable symbols

HEAP 00000000

Symbol: HEAP
   Definitions
      At line 45 in file startup_stm32g071xx.s
   Uses
      None
Comment: HEAP unused
Heap_Mem 00000000

Symbol: Heap_Mem
   Definitions
      At line 47 in file startup_stm32g071xx.s
   Uses
      None
Comment: Heap_Mem unused
__heap_base 00000000

Symbol: __heap_base
   Definitions
      At line 46 in file startup_stm32g071xx.s
   Uses
      At line 281 in file startup_stm32g071xx.s
Comment: __heap_base used once
__heap_limit 00000200

Symbol: __heap_limit
   Definitions
      At line 48 in file startup_stm32g071xx.s
   Uses
      At line 282 in file startup_stm32g071xx.s
Comment: __heap_limit used once
4 symbols



ARM Macro Assembler    Page 1 Alphabetic symbol ordering
Relocatable symbols

RESET 00000000

Symbol: RESET
   Definitions
      At line 55 in file startup_stm32g071xx.s
   Uses
      None
Comment: RESET unused
__Vectors 00000000

Symbol: __Vectors
   Definitions
      At line 60 in file startup_stm32g071xx.s
   Uses
      At line 56 in file startup_stm32g071xx.s
      At line 112 in file startup_stm32g071xx.s

__Vectors_End 000000BC

Symbol: __Vectors_End
   Definitions
      At line 110 in file startup_stm32g071xx.s
   Uses
      At line 57 in file startup_stm32g071xx.s
      At line 112 in file startup_stm32g071xx.s

3 symbols



ARM Macro Assembler    Page 1 Alphabetic symbol ordering
Relocatable symbols

.text 00000000

Symbol: .text
   Definitions
      At line 114 in file startup_stm32g071xx.s
   Uses
      None
Comment: .text unused
ADC1_COMP_IRQHandler 00000052

Symbol: ADC1_COMP_IRQHandler
   Definitions
      At line 249 in file startup_stm32g071xx.s
   Uses
      At line 90 in file startup_stm32g071xx.s
      At line 216 in file startup_stm32g071xx.s

CEC_IRQHandler 00000052

Symbol: CEC_IRQHandler
   Definitions
      At line 267 in file startup_stm32g071xx.s
   Uses
      At line 108 in file startup_stm32g071xx.s
      At line 234 in file startup_stm32g071xx.s

DMA1_Ch4_7_DMAMUX1_OVR_IRQHandler 00000052

Symbol: DMA1_Ch4_7_DMAMUX1_OVR_IRQHandler
   Definitions
      At line 248 in file startup_stm32g071xx.s
   Uses
      At line 89 in file startup_stm32g071xx.s
      At line 215 in file startup_stm32g071xx.s

DMA1_Channel1_IRQHandler 00000052

Symbol: DMA1_Channel1_IRQHandler
   Definitions
      At line 246 in file startup_stm32g071xx.s
   Uses
      At line 87 in file startup_stm32g071xx.s
      At line 213 in file startup_stm32g071xx.s

DMA1_Channel2_3_IRQHandler 00000052

Symbol: DMA1_Channel2_3_IRQHandler
   Definitions
      At line 247 in file startup_stm32g071xx.s
   Uses
      At line 88 in file startup_stm32g071xx.s
      At line 214 in file startup_stm32g071xx.s

Default_Handler 00000052

Symbol: Default_Handler
   Definitions
      At line 202 in file startup_stm32g071xx.s
   Uses



ARM Macro Assembler    Page 2 Alphabetic symbol ordering
Relocatable symbols

      None
Comment: Default_Handler unused
EXTI0_1_IRQHandler 00000052

Symbol: EXTI0_1_IRQHandler
   Definitions
      At line 242 in file startup_stm32g071xx.s
   Uses
      At line 83 in file startup_stm32g071xx.s
      At line 209 in file startup_stm32g071xx.s

EXTI2_3_IRQHandler 00000052

Symbol: EXTI2_3_IRQHandler
   Definitions
      At line 243 in file startup_stm32g071xx.s
   Uses
      At line 84 in file startup_stm32g071xx.s
      At line 210 in file startup_stm32g071xx.s

EXTI4_15_IRQHandler 00000052

Symbol: EXTI4_15_IRQHandler
   Definitions
      At line 244 in file startup_stm32g071xx.s
   Uses
      At line 85 in file startup_stm32g071xx.s
      At line 211 in file startup_stm32g071xx.s

FLASH_IRQHandler 00000052

Symbol: FLASH_IRQHandler
   Definitions
      At line 240 in file startup_stm32g071xx.s
   Uses
      At line 81 in file startup_stm32g071xx.s
      At line 207 in file startup_stm32g071xx.s

HardFault_Handler 0000004A

Symbol: HardFault_Handler
   Definitions
      At line 185 in file startup_stm32g071xx.s
   Uses
      At line 63 in file startup_stm32g071xx.s
      At line 186 in file startup_stm32g071xx.s

I2C1_IRQHandler 00000052

Symbol: I2C1_IRQHandler
   Definitions
      At line 260 in file startup_stm32g071xx.s
   Uses
      At line 101 in file startup_stm32g071xx.s
      At line 227 in file startup_stm32g071xx.s

I2C2_IRQHandler 00000052

Symbol: I2C2_IRQHandler



ARM Macro Assembler    Page 3 Alphabetic symbol ordering
Relocatable symbols

   Definitions
      At line 261 in file startup_stm32g071xx.s
   Uses
      At line 102 in file startup_stm32g071xx.s
      At line 228 in file startup_stm32g071xx.s

LEBEL 00000026

Symbol: LEBEL
   Definitions
      At line 147 in file startup_stm32g071xx.s
   Uses
      At line 162 in file startup_stm32g071xx.s
      At line 171 in file startup_stm32g071xx.s

LEBEL1 00000032

Symbol: LEBEL1
   Definitions
      At line 157 in file startup_stm32g071xx.s
   Uses
      At line 152 in file startup_stm32g071xx.s
Comment: LEBEL1 used once
LEBEL2 0000003A

Symbol: LEBEL2
   Definitions
      At line 164 in file startup_stm32g071xx.s
   Uses
      At line 159 in file startup_stm32g071xx.s
Comment: LEBEL2 used once
LEBEL3 00000046

Symbol: LEBEL3
   Definitions
      At line 173 in file startup_stm32g071xx.s
   Uses
      At line 166 in file startup_stm32g071xx.s
Comment: LEBEL3 used once
NMI_Handler 00000048

Symbol: NMI_Handler
   Definitions
      At line 180 in file startup_stm32g071xx.s
   Uses
      At line 62 in file startup_stm32g071xx.s
      At line 181 in file startup_stm32g071xx.s

PVD_IRQHandler 00000052

Symbol: PVD_IRQHandler
   Definitions
      At line 238 in file startup_stm32g071xx.s
   Uses
      At line 79 in file startup_stm32g071xx.s
      At line 205 in file startup_stm32g071xx.s

PendSV_Handler 0000004E




ARM Macro Assembler    Page 4 Alphabetic symbol ordering
Relocatable symbols

Symbol: PendSV_Handler
   Definitions
      At line 193 in file startup_stm32g071xx.s
   Uses
      At line 74 in file startup_stm32g071xx.s
      At line 194 in file startup_stm32g071xx.s

RCC_IRQHandler 00000052

Symbol: RCC_IRQHandler
   Definitions
      At line 241 in file startup_stm32g071xx.s
   Uses
      At line 82 in file startup_stm32g071xx.s
      At line 208 in file startup_stm32g071xx.s

RTC_TAMP_IRQHandler 00000052

Symbol: RTC_TAMP_IRQHandler
   Definitions
      At line 239 in file startup_stm32g071xx.s
   Uses
      At line 80 in file startup_stm32g071xx.s
      At line 206 in file startup_stm32g071xx.s

Reset_Handler 00000000

Symbol: Reset_Handler
   Definitions
      At line 117 in file startup_stm32g071xx.s
   Uses
      At line 61 in file startup_stm32g071xx.s
      At line 118 in file startup_stm32g071xx.s

SPI1_IRQHandler 00000052

Symbol: SPI1_IRQHandler
   Definitions
      At line 262 in file startup_stm32g071xx.s
   Uses
      At line 103 in file startup_stm32g071xx.s
      At line 229 in file startup_stm32g071xx.s

SPI2_IRQHandler 00000052

Symbol: SPI2_IRQHandler
   Definitions
      At line 263 in file startup_stm32g071xx.s
   Uses
      At line 104 in file startup_stm32g071xx.s
      At line 230 in file startup_stm32g071xx.s

SVC_Handler 0000004C

Symbol: SVC_Handler
   Definitions
      At line 189 in file startup_stm32g071xx.s
   Uses
      At line 71 in file startup_stm32g071xx.s



ARM Macro Assembler    Page 5 Alphabetic symbol ordering
Relocatable symbols

      At line 190 in file startup_stm32g071xx.s

SysTick_Handler 00000050

Symbol: SysTick_Handler
   Definitions
      At line 197 in file startup_stm32g071xx.s
   Uses
      At line 75 in file startup_stm32g071xx.s
      At line 198 in file startup_stm32g071xx.s

TIM14_IRQHandler 00000052

Symbol: TIM14_IRQHandler
   Definitions
      At line 256 in file startup_stm32g071xx.s
   Uses
      At line 97 in file startup_stm32g071xx.s
      At line 223 in file startup_stm32g071xx.s

TIM15_IRQHandler 00000052

Symbol: TIM15_IRQHandler
   Definitions
      At line 257 in file startup_stm32g071xx.s
   Uses
      At line 98 in file startup_stm32g071xx.s
      At line 224 in file startup_stm32g071xx.s

TIM16_IRQHandler 00000052

Symbol: TIM16_IRQHandler
   Definitions
      At line 258 in file startup_stm32g071xx.s
   Uses
      At line 99 in file startup_stm32g071xx.s
      At line 225 in file startup_stm32g071xx.s

TIM17_IRQHandler 00000052

Symbol: TIM17_IRQHandler
   Definitions
      At line 259 in file startup_stm32g071xx.s
   Uses
      At line 100 in file startup_stm32g071xx.s
      At line 226 in file startup_stm32g071xx.s

TIM1_BRK_UP_TRG_COM_IRQHandler 00000052

Symbol: TIM1_BRK_UP_TRG_COM_IRQHandler
   Definitions
      At line 250 in file startup_stm32g071xx.s
   Uses
      At line 91 in file startup_stm32g071xx.s
      At line 217 in file startup_stm32g071xx.s

TIM1_CC_IRQHandler 00000052

Symbol: TIM1_CC_IRQHandler



ARM Macro Assembler    Page 6 Alphabetic symbol ordering
Relocatable symbols

   Definitions
      At line 251 in file startup_stm32g071xx.s
   Uses
      At line 92 in file startup_stm32g071xx.s
      At line 218 in file startup_stm32g071xx.s

TIM2_IRQHandler 00000052

Symbol: TIM2_IRQHandler
   Definitions
      At line 252 in file startup_stm32g071xx.s
   Uses
      At line 93 in file startup_stm32g071xx.s
      At line 219 in file startup_stm32g071xx.s

TIM3_IRQHandler 00000052

Symbol: TIM3_IRQHandler
   Definitions
      At line 253 in file startup_stm32g071xx.s
   Uses
      At line 94 in file startup_stm32g071xx.s
      At line 220 in file startup_stm32g071xx.s

TIM6_DAC_LPTIM1_IRQHandler 00000052

Symbol: TIM6_DAC_LPTIM1_IRQHandler
   Definitions
      At line 254 in file startup_stm32g071xx.s
   Uses
      At line 95 in file startup_stm32g071xx.s
      At line 221 in file startup_stm32g071xx.s

TIM7_LPTIM2_IRQHandler 00000052

Symbol: TIM7_LPTIM2_IRQHandler
   Definitions
      At line 255 in file startup_stm32g071xx.s
   Uses
      At line 96 in file startup_stm32g071xx.s
      At line 222 in file startup_stm32g071xx.s

UCPD1_2_IRQHandler 00000052

Symbol: UCPD1_2_IRQHandler
   Definitions
      At line 245 in file startup_stm32g071xx.s
   Uses
      At line 86 in file startup_stm32g071xx.s
      At line 212 in file startup_stm32g071xx.s

USART1_IRQHandler 00000052

Symbol: USART1_IRQHandler
   Definitions
      At line 264 in file startup_stm32g071xx.s
   Uses
      At line 105 in file startup_stm32g071xx.s
      At line 231 in file startup_stm32g071xx.s



ARM Macro Assembler    Page 7 Alphabetic symbol ordering
Relocatable symbols


USART2_IRQHandler 00000052

Symbol: USART2_IRQHandler
   Definitions
      At line 265 in file startup_stm32g071xx.s
   Uses
      At line 106 in file startup_stm32g071xx.s
      At line 232 in file startup_stm32g071xx.s

USART3_4_LPUART1_IRQHandler 00000052

Symbol: USART3_4_LPUART1_IRQHandler
   Definitions
      At line 266 in file startup_stm32g071xx.s
   Uses
      At line 107 in file startup_stm32g071xx.s
      At line 233 in file startup_stm32g071xx.s

WWDG_IRQHandler 00000052

Symbol: WWDG_IRQHandler
   Definitions
      At line 237 in file startup_stm32g071xx.s
   Uses
      At line 78 in file startup_stm32g071xx.s
      At line 204 in file startup_stm32g071xx.s

43 symbols



ARM Macro Assembler    Page 1 Alphabetic symbol ordering
Absolute symbols

Heap_Size 00000200

Symbol: Heap_Size
   Definitions
      At line 43 in file startup_stm32g071xx.s
   Uses
      At line 47 in file startup_stm32g071xx.s
Comment: Heap_Size used once
Stack_Size 00000400

Symbol: Stack_Size
   Definitions
      At line 32 in file startup_stm32g071xx.s
   Uses
      At line 35 in file startup_stm32g071xx.s
Comment: Stack_Size used once
__Vectors_Size 000000BC

Symbol: __Vectors_Size
   Definitions
      At line 112 in file startup_stm32g071xx.s
   Uses
      At line 58 in file startup_stm32g071xx.s
Comment: __Vectors_Size used once
3 symbols



ARM Macro Assembler    Page 1 Alphabetic symbol ordering
External symbols

SystemInit 00000000

Symbol: SystemInit
   Definitions
      At line 120 in file startup_stm32g071xx.s
   Uses
      At line 121 in file startup_stm32g071xx.s
Comment: SystemInit used once
__main 00000000

Symbol: __main
   Definitions
      At line 119 in file startup_stm32g071xx.s
   Uses
      At line 123 in file startup_stm32g071xx.s
Comment: __main used once
2 symbols
395 symbols in table
